<?xml version="1.0" encoding="UTF-8" standalone="no"?><testsuite errors="2" failures="0" name="Create user" skipped="0" tests="4" time="6.26" timestamp="2024-11-03 01:02:38"><testcase name="Retrieve all users"><error message="Cannot invoke &quot;net.serenitybdd.screenplay.rest.abilities.CallAnApi.getLastResponse()&quot; because the return value of &quot;net.serenitybdd.screenplay.rest.abilities.CallAnApi.as(net.serenitybdd.screenplay.Actor)&quot; is null" type="java.lang.NullPointerException">Cannot invoke "net.serenitybdd.screenplay.rest.abilities.CallAnApi.getLastResponse()" because the return value of "net.serenitybdd.screenplay.rest.abilities.CallAnApi.as(net.serenitybdd.screenplay.Actor)" is null</error><system-err>Cannot invoke "net.serenitybdd.screenplay.rest.abilities.CallAnApi.getLastResponse()" because the return value of "net.serenitybdd.screenplay.rest.abilities.CallAnApi.as(net.serenitybdd.screenplay.Actor)" is null&#13;
com.udea.restapiautomation.questions.StatusCode.answeredBy(StatusCode.java:17)&#13;
com.udea.restapiautomation.questions.StatusCode.answeredBy(StatusCode.java:8)&#13;
com.udea.restapiautomation.stepdefinitions.user.UserStepdefinitions.iRetrieveAllUsers(UserStepdefinitions.java:75)&#13;
worker.org.gradle.process.internal.worker.GradleWorkerMain.run(GradleWorkerMain.java:69)&#13;
worker.org.gradle.process.internal.worker.GradleWorkerMain.main(GradleWorkerMain.java:74)&#13;
</system-err></testcase><testcase name="Retrieve a user"><error message="Cannot invoke &quot;net.serenitybdd.screenplay.rest.abilities.CallAnApi.getLastResponse()&quot; because the return value of &quot;net.serenitybdd.screenplay.rest.abilities.CallAnApi.as(net.serenitybdd.screenplay.Actor)&quot; is null" type="java.lang.NullPointerException">Cannot invoke "net.serenitybdd.screenplay.rest.abilities.CallAnApi.getLastResponse()" because the return value of "net.serenitybdd.screenplay.rest.abilities.CallAnApi.as(net.serenitybdd.screenplay.Actor)" is null</error><system-err>Cannot invoke "net.serenitybdd.screenplay.rest.abilities.CallAnApi.getLastResponse()" because the return value of "net.serenitybdd.screenplay.rest.abilities.CallAnApi.as(net.serenitybdd.screenplay.Actor)" is null&#13;
com.udea.restapiautomation.questions.StatusCode.answeredBy(StatusCode.java:17)&#13;
com.udea.restapiautomation.questions.StatusCode.answeredBy(StatusCode.java:8)&#13;
com.udea.restapiautomation.stepdefinitions.user.UserStepdefinitions.iRetrieveAUser(UserStepdefinitions.java:128)&#13;
worker.org.gradle.process.internal.worker.GradleWorkerMain.run(GradleWorkerMain.java:69)&#13;
worker.org.gradle.process.internal.worker.GradleWorkerMain.main(GradleWorkerMain.java:74)&#13;
</system-err></testcase><testcase name="Delete user"/><testcase name="Create a new user"/></testsuite>